[debug] [2022-05-15T09:10:17.533Z] ----------------------------------------------------------------------
[debug] [2022-05-15T09:10:17.535Z] Command:       C:\Program Files\nodejs\node.exe C:\Users\haree\AppData\Roaming\npm\node_modules\firebase-tools\lib\bin\firebase.js deploy
[debug] [2022-05-15T09:10:17.536Z] CLI Version:   10.9.2
[debug] [2022-05-15T09:10:17.536Z] Platform:      win32
[debug] [2022-05-15T09:10:17.536Z] Node Version:  v16.13.2
[debug] [2022-05-15T09:10:17.537Z] Time:          Sun May 15 2022 14:40:17 GMT+0530 (India Standard Time)
[debug] [2022-05-15T09:10:17.537Z] ----------------------------------------------------------------------
[debug] 
[debug] [2022-05-15T09:10:17.611Z] > command requires scopes: ["email","openid","https://www.googleapis.com/auth/cloudplatformprojects.readonly","https://www.googleapis.com/auth/firebase","https://www.googleapis.com/auth/cloud-platform"]
[debug] [2022-05-15T09:10:17.611Z] > authorizing via signed-in user (hareeshraji7081@gmail.com)
[debug] [2022-05-15T09:10:17.612Z] [iam] checking project heaven-tattoo for permissions ["firebase.projects.get","firebasedatabase.instances.update","firebasehosting.sites.update"]
[debug] [2022-05-15T09:10:17.615Z] >>> [apiv2][query] POST https://cloudresourcemanager.googleapis.com/v1/projects/heaven-tattoo:testIamPermissions [none]
[debug] [2022-05-15T09:10:17.615Z] >>> [apiv2][body] POST https://cloudresourcemanager.googleapis.com/v1/projects/heaven-tattoo:testIamPermissions {"permissions":["firebase.projects.get","firebasedatabase.instances.update","firebasehosting.sites.update"]}
[debug] [2022-05-15T09:10:19.353Z] <<< [apiv2][status] POST https://cloudresourcemanager.googleapis.com/v1/projects/heaven-tattoo:testIamPermissions 200
[debug] [2022-05-15T09:10:19.353Z] <<< [apiv2][body] POST https://cloudresourcemanager.googleapis.com/v1/projects/heaven-tattoo:testIamPermissions {"permissions":["firebase.projects.get","firebasedatabase.instances.update","firebasehosting.sites.update"]}
[debug] [2022-05-15T09:10:19.354Z] >>> [apiv2][query] GET https://firebase.googleapis.com/v1beta1/projects/heaven-tattoo [none]
[debug] [2022-05-15T09:10:20.270Z] <<< [apiv2][status] GET https://firebase.googleapis.com/v1beta1/projects/heaven-tattoo 200
[debug] [2022-05-15T09:10:20.271Z] <<< [apiv2][body] GET https://firebase.googleapis.com/v1beta1/projects/heaven-tattoo {"projectId":"heaven-tattoo","projectNumber":"544520806523","displayName":"heaven-tattoo","name":"projects/heaven-tattoo","resources":{"hostingSite":"heaven-tattoo","realtimeDatabaseInstance":"heaven-tattoo-default-rtdb","storageBucket":"heaven-tattoo.appspot.com","locationId":"asia-southeast1"},"state":"ACTIVE"}
[debug] [2022-05-15T09:10:20.271Z] >>> [apiv2][query] GET https://firebase.googleapis.com/v1beta1/projects/heaven-tattoo [none]
[debug] [2022-05-15T09:10:20.885Z] <<< [apiv2][status] GET https://firebase.googleapis.com/v1beta1/projects/heaven-tattoo 200
[debug] [2022-05-15T09:10:20.885Z] <<< [apiv2][body] GET https://firebase.googleapis.com/v1beta1/projects/heaven-tattoo {"projectId":"heaven-tattoo","projectNumber":"544520806523","displayName":"heaven-tattoo","name":"projects/heaven-tattoo","resources":{"hostingSite":"heaven-tattoo","realtimeDatabaseInstance":"heaven-tattoo-default-rtdb","storageBucket":"heaven-tattoo.appspot.com","locationId":"asia-southeast1"},"state":"ACTIVE"}
[info] 
[info] === Deploying to 'heaven-tattoo'...
[info] 
[info] i  deploying database, hosting 
[info] i  database: checking rules syntax... 
[debug] [2022-05-15T09:10:20.889Z] > refreshing access token with scopes: ["email","https://www.googleapis.com/auth/cloud-platform","https://www.googleapis.com/auth/cloudplatformprojects.readonly","https://www.googleapis.com/auth/firebase","openid"]
[debug] [2022-05-15T09:10:20.890Z] >>> HTTP REQUEST POST https://www.googleapis.com/oauth2/v3/token  
 <request body omitted>
[debug] [2022-05-15T09:10:21.088Z] <<< HTTP RESPONSE 200 {"date":"Sun, 15 May 2022 09:10:20 GMT","expires":"Mon, 01 Jan 1990 00:00:00 GMT","cache-control":"no-cache, no-store, max-age=0, must-revalidate","pragma":"no-cache","content-type":"application/json; charset=utf-8","vary":"X-Origin, Referer, Origin,Accept-Encoding","server":"scaffolding on HTTPServer2","x-xss-protection":"0","x-frame-options":"SAMEORIGIN","x-content-type-options":"nosniff","alt-svc":"h3=\":443\"; ma=2592000,h3-29=\":443\"; ma=2592000,h3-Q050=\":443\"; ma=2592000,h3-Q046=\":443\"; ma=2592000,h3-Q043=\":443\"; ma=2592000,quic=\":443\"; ma=2592000; v=\"46,43\"","accept-ranges":"none","transfer-encoding":"chunked"}
[debug] [2022-05-15T09:10:21.111Z] >>> HTTP REQUEST GET https://firebasedatabase.googleapis.com/v1beta/projects/heaven-tattoo/locations/-/instances/heaven-tattoo-default-rtdb  
 
[debug] [2022-05-15T09:10:22.009Z] <<< HTTP RESPONSE 200 {"content-type":"application/json; charset=UTF-8","vary":"X-Origin, Referer, Origin,Accept-Encoding","date":"Sun, 15 May 2022 09:10:21 GMT","server":"ESF","cache-control":"private","x-xss-protection":"0","x-frame-options":"SAMEORIGIN","x-content-type-options":"nosniff","alt-svc":"h3=\":443\"; ma=2592000,h3-29=\":443\"; ma=2592000,h3-Q050=\":443\"; ma=2592000,h3-Q046=\":443\"; ma=2592000,h3-Q043=\":443\"; ma=2592000,quic=\":443\"; ma=2592000; v=\"46,43\"","accept-ranges":"none","transfer-encoding":"chunked"}
[debug] [2022-05-15T09:10:22.011Z] >>> HTTP REQUEST PUT https://heaven-tattoo-default-rtdb.asia-southeast1.firebasedatabase.app/.settings/rules.json?dryRun=true  
 {
  "rules": {
    ".read": false,
    ".write": false
  }
}

[debug] [2022-05-15T09:10:22.318Z] Error: getaddrinfo EAI_AGAIN heaven-tattoo-default-rtdb.asia-southeast1.firebasedatabase.app
    at GetAddrInfoReqWrap.onlookup [as oncomplete] (node:dns:71:26)
[error] 
[error] Error: Server Error. getaddrinfo EAI_AGAIN heaven-tattoo-default-rtdb.asia-southeast1.firebasedatabase.app
